# JRE version: OpenJDK Runtime Environment Temurin-21.0.5+11 (21.0.5+11) (build 21.0.5+11-LTS)
# Java VM: OpenJDK 64-Bit Server VM Temurin-21.0.5+11 (21.0.5+11-LTS, mixed mode, emulated-client, sharing, tiered, compressed oops, compressed class ptrs, g1 gc, windows-amd64)
GC Precious Log:
 CardTable entry size: 512
 Card Set container configuration: InlinePtr #cards 5 size 8 Array Of Cards #cards 12 size 40 Howl #buckets 4 coarsen threshold 1843 Howl Bitmap #cards 512 size 80 coarsen threshold 460 Card regions per heap region 1 cards per card region 2048
 CPUs: 4 total, 4 available
 Memory: 7926M
 Large Page Support: Disabled
 NUMA Support: Disabled
 Compressed Oops: Enabled (32-bit)
 Heap Region Size: 1M
 Heap Min Capacity: 8M
 Heap Initial Capacity: 124M
 Heap Max Capacity: 1982M
 Pre-touch: Disabled
 Parallel Workers: 4
 Concurrent Workers: 1
 Concurrent Refinement Workers: 4
 Periodic GC: Disabled
Heap:
 garbage-first heap   total 126976K, used 27147K [0x0000000084200000, 0x0000000100000000)
  region size 1024K, 4 young (4096K), 4 survivors (4096K)
 Metaspace       used 72609K, committed 73344K, reserved 1114112K
  class space    used 10069K, committed 10432K, reserved 1048576K
GC Heap History (20 events):
Event: 1497.421 GC heap after
{Heap after GC invocations=28 (full 2):
 garbage-first heap   total 61440K, used 34564K [0x0000000084200000, 0x0000000100000000)
  region size 1024K, 1 young (1024K), 1 survivors (1024K)
 Metaspace       used 72258K, committed 72896K, reserved 1114112K
  class space    used 10038K, committed 10368K, reserved 1048576K
}
Event: 2423.297 GC heap before
{Heap before GC invocations=29 (full 2):
 garbage-first heap   total 61440K, used 50948K [0x0000000084200000, 0x0000000100000000)
  region size 1024K, 18 young (18432K), 1 survivors (1024K)
 Metaspace       used 72236K, committed 72896K, reserved 1114112K
  class space    used 10032K, committed 10368K, reserved 1048576K
}
Event: 2423.376 GC heap after
{Heap after GC invocations=30 (full 3):
 garbage-first heap   total 61440K, used 25088K [0x0000000084200000, 0x0000000100000000)
  region size 1024K, 0 young (0K), 0 survivors (0K)
 Metaspace       used 72163K, committed 72896K, reserved 1114112K
  class space    used 10018K, committed 10368K, reserved 1048576K
}
Event: 2424.199 GC heap before
{Heap before GC invocations=30 (full 3):
 garbage-first heap   total 61440K, used 49664K [0x0000000084200000, 0x0000000100000000)
  region size 1024K, 25 young (25600K), 0 survivors (0K)
 Metaspace       used 72216K, committed 72896K, reserved 1114112K
  class space    used 10030K, committed 10368K, reserved 1048576K
}
Event: 2424.206 GC heap after
{Heap after GC invocations=31 (full 3):
 garbage-first heap   total 61440K, used 27972K [0x0000000084200000, 0x0000000100000000)
  region size 1024K, 3 young (3072K), 3 survivors (3072K)
 Metaspace       used 72216K, committed 72896K, reserved 1114112K
  class space    used 10030K, committed 10368K, reserved 1048576K
}
Event: 2424.778 GC heap before
{Heap before GC invocations=32 (full 3):
 garbage-first heap   total 61440K, used 50500K [0x0000000084200000, 0x0000000100000000)
  region size 1024K, 26 young (26624K), 3 survivors (3072K)
 Metaspace       used 72343K, committed 73024K, reserved 1114112K
  class space    used 10058K, committed 10368K, reserved 1048576K
}
Event: 2424.787 GC heap after
{Heap after GC invocations=33 (full 3):
 garbage-first heap   total 61440K, used 30440K [0x0000000084200000, 0x0000000100000000)
  region size 1024K, 3 young (3072K), 3 survivors (3072K)
 Metaspace       used 72343K, committed 73024K, reserved 1114112K
  class space    used 10058K, committed 10368K, reserved 1048576K
}
Event: 2425.174 GC heap before
{Heap before GC invocations=33 (full 3):
 garbage-first heap   total 61440K, used 50920K [0x0000000084200000, 0x0000000100000000)
  region size 1024K, 24 young (24576K), 3 survivors (3072K)
 Metaspace       used 72533K, committed 73280K, reserved 1114112K
  class space    used 10081K, committed 10432K, reserved 1048576K
}
Event: 2425.184 GC heap after
{Heap after GC invocations=34 (full 3):
 garbage-first heap   total 61440K, used 33334K [0x0000000084200000, 0x0000000100000000)
  region size 1024K, 3 young (3072K), 3 survivors (3072K)
 Metaspace       used 72533K, committed 73280K, reserved 1114112K
  class space    used 10081K, committed 10432K, reserved 1048576K
}
Event: 2575.557 GC heap before
{Heap before GC invocations=34 (full 3):
 garbage-first heap   total 61440K, used 39478K [0x0000000084200000, 0x0000000100000000)
  region size 1024K, 10 young (10240K), 3 survivors (3072K)
 Metaspace       used 72560K, committed 73280K, reserved 1114112K
  class space    used 10085K, committed 10432K, reserved 1048576K
}
Event: 2575.632 GC heap after
{Heap after GC invocations=35 (full 4):
 garbage-first heap   total 61440K, used 26586K [0x0000000084200000, 0x0000000100000000)
  region size 1024K, 0 young (0K), 0 survivors (0K)
 Metaspace       used 72499K, committed 73280K, reserved 1114112K
  class space    used 10070K, committed 10432K, reserved 1048576K
}
Event: 2576.163 GC heap before
{Heap before GC invocations=35 (full 4):
 garbage-first heap   total 61440K, used 51162K [0x0000000084200000, 0x0000000100000000)
  region size 1024K, 24 young (24576K), 0 survivors (0K)
 Metaspace       used 72530K, committed 73280K, reserved 1114112K
  class space    used 10076K, committed 10432K, reserved 1048576K
}
Event: 2576.167 GC heap after
{Heap after GC invocations=36 (full 4):
 garbage-first heap   total 61440K, used 29161K [0x0000000084200000, 0x0000000100000000)
  region size 1024K, 3 young (3072K), 3 survivors (3072K)
 Metaspace       used 72530K, committed 73280K, reserved 1114112K
  class space    used 10076K, committed 10432K, reserved 1048576K
}
Event: 2576.533 GC heap before
{Heap before GC invocations=37 (full 4):
 garbage-first heap   total 61440K, used 50665K [0x0000000084200000, 0x0000000100000000)
  region size 1024K, 25 young (25600K), 3 survivors (3072K)
 Metaspace       used 72527K, committed 73344K, reserved 1114112K
  class space    used 10059K, committed 10432K, reserved 1048576K
}
Event: 2576.544 GC heap after
{Heap after GC invocations=38 (full 4):
 garbage-first heap   total 61440K, used 30806K [0x0000000084200000, 0x0000000100000000)
  region size 1024K, 2 young (2048K), 2 survivors (2048K)
 Metaspace       used 72527K, committed 73344K, reserved 1114112K
  class space    used 10059K, committed 10432K, reserved 1048576K
}
Event: 2628.560 GC heap before
{Heap before GC invocations=38 (full 4):
 garbage-first heap   total 61440K, used 51286K [0x0000000084200000, 0x0000000100000000)
  region size 1024K, 23 young (23552K), 2 survivors (2048K)
 Metaspace       used 72626K, committed 73344K, reserved 1114112K
  class space    used 10072K, committed 10432K, reserved 1048576K
}
Event: 2628.566 GC heap after
{Heap after GC invocations=39 (full 4):
 garbage-first heap   total 61440K, used 32573K [0x0000000084200000, 0x0000000100000000)
  region size 1024K, 2 young (2048K), 2 survivors (2048K)
 Metaspace       used 72626K, committed 73344K, reserved 1114112K
  class space    used 10072K, committed 10432K, reserved 1048576K
}
Event: 2628.573 GC heap before
{Heap before GC invocations=39 (full 4):
 garbage-first heap   total 61440K, used 32573K [0x0000000084200000, 0x0000000100000000)
  region size 1024K, 3 young (3072K), 2 survivors (2048K)
 Metaspace       used 72629K, committed 73344K, reserved 1114112K
  class space    used 10073K, committed 10432K, reserved 1048576K
}
Event: 2628.631 GC heap after
{Heap after GC invocations=40 (full 5):
 garbage-first heap   total 61440K, used 23538K [0x0000000084200000, 0x0000000100000000)
  region size 1024K, 0 young (0K), 0 survivors (0K)
 Metaspace       used 72536K, committed 73344K, reserved 1114112K
  class space    used 10053K, committed 10432K, reserved 1048576K
}
Event: 2629.130 GC heap before
{Heap before GC invocations=40 (full 5):
 garbage-first heap   total 61440K, used 51186K [0x0000000084200000, 0x0000000100000000)
  region size 1024K, 27 young (27648K), 0 survivors (0K)
 Metaspace       used 72609K, committed 73344K, reserved 1114112K
  class space    used 10069K, committed 10432K, reserved 1048576K
}

